<?xml version="1.0" encoding="UTF-8"?>
<testsuite name="com.anderson.entities.AlunoTest" tests="1" skipped="0" failures="0" errors="0" timestamp="2022-05-19T12:13:35" hostname="spider" time="0.149">
  <properties/>
  <testcase name="create_aluno_ok()" classname="com.anderson.entities.AlunoTest" time="0.149"/>
  <system-out><![CDATA[Aluno:{id='1', nome='Anderson Silva', matricula='2022xx01'}
]]></system-out>
  <system-err><![CDATA[]]></system-err>
</testsuite>
