<?xml version="1.0" encoding="UTF-8"?>
<testsuite name="com.anderson.CreateAlunoTest" tests="7" skipped="0" failures="0" errors="0" timestamp="2022-05-19T16:51:14" hostname="spider" time="0.11">
  <properties/>
  <testcase name="Teste matricula nula, espera-se erro" classname="com.anderson.CreateAlunoTest" time="0.071"/>
  <testcase name="Teste criar aluno, espera-se ok" classname="com.anderson.CreateAlunoTest" time="0.005"/>
  <testcase name="Teste alunos matricula duplicada, espera-se erro" classname="com.anderson.CreateAlunoTest" time="0.003"/>
  <testcase name="Teste alunos Id duplicado, espera-se erro" classname="com.anderson.CreateAlunoTest" time="0.004"/>
  <testcase name="Teste Id nulo, espera-se erro" classname="com.anderson.CreateAlunoTest" time="0.003"/>
  <testcase name="Teste  aluno nulo, espera-se erro" classname="com.anderson.CreateAlunoTest" time="0.002"/>
  <testcase name="Teste nome nulo, espera-se erro" classname="com.anderson.CreateAlunoTest" time="0.003"/>
  <system-out><![CDATA[]]></system-out>
  <system-err><![CDATA[]]></system-err>
</testsuite>
