<?xml version="1.0" encoding="UTF-8"?>
<testsuite name="com.anderson.FindAlunoTest" tests="1" skipped="0" failures="0" errors="0" timestamp="2022-05-20T02:10:57" hostname="spider" time="0.079">
  <properties/>
  <testcase name="Teste findByMatricula, espera-se ok" classname="com.anderson.FindAlunoTest" time="0.079"/>
  <system-out><![CDATA[]]></system-out>
  <system-err><![CDATA[]]></system-err>
</testsuite>
